<?xml version="1.0" encoding="UTF-8"?>
<testsuite xmlns:xsi="http://www.w3.org/2001/XMLSchema-instance" xsi:noNamespaceSchemaLocation="https://maven.apache.org/surefire/maven-surefire-plugin/xsd/surefire-test-report.xsd" name="TestSuite" time="126.392" tests="9" errors="0" skipped="0" failures="0">
  <properties>
[...]
</properties>
  <testcase name="loginVerification" classname="org.last.fm.FakeLoginTest" time="16.045"/>
  <testcase name="loginVerification" classname="org.last.fm.LoginTest" time="14.184"/>
  <testcase name="logincheck" classname="org.last.fm.LoginCheckTest" time="11.316"/>
  <testcase name="addplaylist" classname="org.last.fm.AddPlaylistTest" time="13.594"/>
  <testcase name="editdetailsofplaylist" classname="org.last.fm.EditDetailsOfPlayistTest" time="8.377"/>
  <testcase name="addtracktoplaylist" classname="org.last.fm.AddTrackinPlaylistTest" time="23.74"/>
  <testcase name="removesongfromplaylist" classname="org.last.fm.RemoveSongFromPlaylistTest" time="14.344"/>
  <testcase name="deleteplaylist" classname="org.last.fm.DeletePlaylistTest" time="8.341"/>
  <testcase name="logoutVerification" classname="org.last.fm.LogOutTest" time="8.012"/>
</testsuite>